<?xml version="1.0" encoding="UTF-8"?>
<testng-results skipped="0" failed="1" total="1" passed="0">
  <reporter-output>
  </reporter-output>
  <suite name="LenoxoAppFramework" duration-ms="236921" started-at="2021-03-31T16:52:52Z" finished-at="2021-03-31T16:56:48Z">
    <groups>
    </groups>
    <test name="lenoxo-App-Test" duration-ms="236921" started-at="2021-03-31T16:52:52Z" finished-at="2021-03-31T16:56:48Z">
      <class name="tests.testngTests.LennoxTest">
        <test-method status="PASS" signature="createDriver(java.lang.String, java.lang.reflect.Method)[pri:0, instance:tests.testngTests.LennoxTest@5f341870]" name="createDriver" is-config="true" duration-ms="39314" started-at="2021-03-31T22:22:52Z" finished-at="2021-03-31T22:23:31Z">
          <params>
            <param index="0">
              <value>
                <![CDATA[SauceLabAndroid]]>
              </value>
            </param>
            <param index="1">
              <value>
                <![CDATA[public void tests.testngTests.LennoxTest.UserCheckOutMiniHeaterProduct(java.lang.String,java.lang.String,org.json.simple.JSONObject) throws java.lang.InterruptedException,java.io.IOException]]>
              </value>
            </param>
          </params>
          <reporter-output>
          </reporter-output>
        </test-method> <!-- createDriver -->
        <test-method status="PASS" signature="instantiateHelpers(java.lang.String)[pri:0, instance:tests.testngTests.LennoxTest@5f341870]" name="instantiateHelpers" is-config="true" duration-ms="245" started-at="2021-03-31T22:23:31Z" finished-at="2021-03-31T22:23:31Z">
          <params>
            <param index="0">
              <value>
                <![CDATA[SauceLabAndroid]]>
              </value>
            </param>
          </params>
          <reporter-output>
          </reporter-output>
        </test-method> <!-- instantiateHelpers -->
        <test-method status="FAIL" signature="UserCheckOutMiniHeaterProduct(java.lang.String, java.lang.String, org.json.simple.JSONObject)[pri:0, instance:tests.testngTests.LennoxTest@5f341870]" name="UserCheckOutMiniHeaterProduct" duration-ms="196362" started-at="2021-03-31T22:23:31Z" data-provider="fetchData_JSON" finished-at="2021-03-31T22:26:48Z">
          <params>
            <param index="0">
              <value is-null="true"/>
            </param>
            <param index="1">
              <value is-null="true"/>
            </param>
            <param index="2">
              <value>
                <![CDATA[{"postalCode":"75080","price=Price":"$925.00","CatNo":"CAT # 15U57","modelNo":"MODEL # MPB009S4S-1L","userName":"adsync104@outlook.com","productName":"Lennox, Mini-Split Heat Pump Low Ambient Outdoor Unit, .75 Ton, 115V, 1 Phase, 60Hz, MPB009S4S-1L","miles":"Within 120 miles","password":"Community14","totalresults":"14 results","defaultPickup":"Cincinnati","qtyNo":"6","storeName":"Desoto","defaultDeliverTo":"45133-1102","poNumber":"123455678","heaterProduct":"Mini-Split Single Zone Heat Pumps"}]]>
              </value>
            </param>
          </params>
          <exception class="org.openqa.selenium.TimeoutException">
            <message>
              <![CDATA[Expected condition failed: waiting for visibility of Proxy element for: DefaultElementLocator 'By.xpath: //android.view.View[@resource-id='store-radius']' (tried for 100 second(s) with 500 milliseconds interval)]]>
            </message>
            <full-stacktrace>
              <![CDATA[org.openqa.selenium.TimeoutException: Expected condition failed: waiting for visibility of Proxy element for: DefaultElementLocator 'By.xpath: //android.view.View[@resource-id='store-radius']' (tried for 100 second(s) with 500 milliseconds interval)
	at org.openqa.selenium.support.ui.WebDriverWait.timeoutException(WebDriverWait.java:95)
	at org.openqa.selenium.support.ui.FluentWait.until(FluentWait.java:272)
	at utils.GenericMethods.WaitTillVisible(GenericMethods.java:81)
	at IntegrationTests.screens.android.DashBoardScreen.userSelectRadius(DashBoardScreen.java:142)
	at IntegrationTests.coreLogic.android.AndroidCoreLogic.userChangeTheStorePickup(AndroidCoreLogic.java:74)
	at tests.testngTests.LennoxTest.UserCheckOutMiniHeaterProduct(LennoxTest.java:45)
	at sun.reflect.NativeMethodAccessorImpl.invoke0(Native Method)
	at sun.reflect.NativeMethodAccessorImpl.invoke(NativeMethodAccessorImpl.java:62)
	at sun.reflect.DelegatingMethodAccessorImpl.invoke(DelegatingMethodAccessorImpl.java:43)
	at java.lang.reflect.Method.invoke(Method.java:498)
	at org.testng.internal.MethodInvocationHelper.invokeMethod(MethodInvocationHelper.java:86)
	at org.testng.internal.Invoker.invokeMethod(Invoker.java:643)
	at org.testng.internal.Invoker.invokeTestMethod(Invoker.java:820)
	at org.testng.internal.Invoker.invokeTestMethods(Invoker.java:1128)
	at org.testng.internal.TestMethodWorker.invokeTestMethods(TestMethodWorker.java:129)
	at org.testng.internal.TestMethodWorker.run(TestMethodWorker.java:112)
	at org.testng.TestRunner.privateRun(TestRunner.java:782)
	at org.testng.TestRunner.run(TestRunner.java:632)
	at org.testng.SuiteRunner.runTest(SuiteRunner.java:366)
	at org.testng.SuiteRunner.runSequentially(SuiteRunner.java:361)
	at org.testng.SuiteRunner.privateRun(SuiteRunner.java:319)
	at org.testng.SuiteRunner.run(SuiteRunner.java:268)
	at org.testng.SuiteRunnerWorker.runSuite(SuiteRunnerWorker.java:52)
	at org.testng.SuiteRunnerWorker.run(SuiteRunnerWorker.java:86)
	at org.testng.TestNG.runSuitesSequentially(TestNG.java:1244)
	at org.testng.TestNG.runSuitesLocally(TestNG.java:1169)
	at org.testng.TestNG.run(TestNG.java:1064)
	at org.apache.maven.surefire.testng.TestNGExecutor.run(TestNGExecutor.java:283)
	at org.apache.maven.surefire.testng.TestNGXmlTestSuite.execute(TestNGXmlTestSuite.java:75)
	at org.apache.maven.surefire.testng.TestNGProvider.invoke(TestNGProvider.java:120)
	at org.apache.maven.surefire.booter.ForkedBooter.invokeProviderInSameClassLoader(ForkedBooter.java:384)
	at org.apache.maven.surefire.booter.ForkedBooter.runSuitesInProcess(ForkedBooter.java:345)
	at org.apache.maven.surefire.booter.ForkedBooter.execute(ForkedBooter.java:126)
	at org.apache.maven.surefire.booter.ForkedBooter.main(ForkedBooter.java:418)
Caused by: org.openqa.selenium.NoSuchElementException: An element could not be located on the page using the given search parameters. (WARNING: The server did not provide any stacktrace information)
Command duration or timeout: 0 milliseconds
For documentation on this error, please visit: https://www.seleniumhq.org/exceptions/no_such_element.html
Build info: version: '3.141.59', revision: 'e82be7d358', time: '2018-11-14T08:17:03'
System info: host: 'DESKTOP-7IDVFK7', ip: '192.168.29.143', os.name: 'Windows 10', os.arch: 'amd64', os.version: '10.0', java.version: '1.8.0_151'
Driver info: io.appium.java_client.android.AndroidDriver
Capabilities {adbPort: 15009, appActivity: crc647cb4db12adeb0334.Splas..., appPackage: com.lennox.DaveNet, automationName: UiAutomator2, chromedriverChromeMappingFile: /root/.testobject_devices/w..., chromedriverExecutableDir: /root/.testobject_devices/w..., chromedriverPorts: [[26090, 26100]], databaseEnabled: false, desired: {adbPort: 15009, appActivity: crc647cb4db12adeb0334.Splas..., appPackage: com.lennox.DaveNet, automationName: UiAutomator2, chromedriverChromeMappingFile: /root/.testobject_devices/w..., chromedriverExecutableDir: /root/.testobject_devices/w..., chromedriverPorts: [[26090, 26100]], deviceName: Samsung_Galaxy_S9_free, name: UserCheckOutMiniHeaterProduct, noReset: false, platformName: Android, suppressKillServer: true, systemPort: 8209, testobject_platform_name: Android, testobject_test_name: UserCheckOutMiniHeaterProduct, uiautomator2ServerInstallTimeout: 60000}, deviceApiLevel: 29, deviceContextId: 78a1cd65-aba4-478f-8458-1ce..., deviceManufacturer: samsung, deviceModel: SM-G960U1, deviceName: 10.101.72.23:16027, deviceScreenDensity: 640, deviceScreenSize: 1440x2960, deviceUDID: 10.101.72.23:16027, javascriptEnabled: true, locationContextEnabled: false, name: UserCheckOutMiniHeaterProduct, networkConnectionEnabled: true, noReset: false, pixelRatio: 4, platform: LINUX, platformName: Android, platformVersion: 10, statBarHeight: 96, suppressKillServer: true, systemPort: 8209, takesScreenshot: true, testobject_device: Samsung_Galaxy_S9_free, testobject_device_name: Samsung Galaxy S9, testobject_device_session_id: 1f35bc33-d5ab-4d56-9628-f95..., testobject_platform_name: Android, testobject_project_id: saucelabs-default, testobject_test_name: UserCheckOutMiniHeaterProduct, testobject_test_report_api_url: https://api.us-west-1.sauce..., testobject_test_report_id: 59, testobject_test_report_url: https://app.saucelabs.com/t..., testobject_user_id: ishika1235, uiautomator2ServerInstallTimeout: 60000, viewportRect: {height: 2672, left: 0, top: 96, width: 1440}, warnings: {}, webStorageEnabled: false}
Session ID: 46e936a8-ba2a-4366-832d-fd1d05c5a9bb
*** Element info: {Using=xpath, value=//android.view.View[@resource-id='store-radius']}
	at sun.reflect.GeneratedConstructorAccessor16.newInstance(Unknown Source)
	at sun.reflect.DelegatingConstructorAccessorImpl.newInstance(DelegatingConstructorAccessorImpl.java:45)
	at java.lang.reflect.Constructor.newInstance(Constructor.java:423)
	at org.openqa.selenium.remote.ErrorHandler.createThrowable(ErrorHandler.java:214)
	at org.openqa.selenium.remote.ErrorHandler.throwIfResponseFailed(ErrorHandler.java:166)
	at org.openqa.selenium.remote.http.JsonHttpResponseCodec.reconstructValue(JsonHttpResponseCodec.java:40)
	at org.openqa.selenium.remote.http.AbstractHttpResponseCodec.decode(AbstractHttpResponseCodec.java:80)
	at org.openqa.selenium.remote.http.AbstractHttpResponseCodec.decode(AbstractHttpResponseCodec.java:44)
	at org.openqa.selenium.remote.HttpCommandExecutor.execute(HttpCommandExecutor.java:158)
	at io.appium.java_client.remote.AppiumCommandExecutor.execute(AppiumCommandExecutor.java:239)
	at org.openqa.selenium.remote.RemoteWebDriver.execute(RemoteWebDriver.java:552)
	at io.appium.java_client.DefaultGenericMobileDriver.execute(DefaultGenericMobileDriver.java:41)
	at io.appium.java_client.AppiumDriver.execute(AppiumDriver.java:1)
	at io.appium.java_client.android.AndroidDriver.execute(AndroidDriver.java:1)
	at org.openqa.selenium.remote.RemoteWebDriver.findElement(RemoteWebDriver.java:323)
	at io.appium.java_client.DefaultGenericMobileDriver.findElement(DefaultGenericMobileDriver.java:61)
	at io.appium.java_client.AppiumDriver.findElement(AppiumDriver.java:1)
	at io.appium.java_client.android.AndroidDriver.findElement(AndroidDriver.java:1)
	at org.openqa.selenium.remote.RemoteWebDriver.findElementByXPath(RemoteWebDriver.java:428)
	at io.appium.java_client.DefaultGenericMobileDriver.findElementByXPath(DefaultGenericMobileDriver.java:151)
	at io.appium.java_client.AppiumDriver.findElementByXPath(AppiumDriver.java:1)
	at io.appium.java_client.android.AndroidDriver.findElementByXPath(AndroidDriver.java:1)
	at org.openqa.selenium.By$ByXPath.findElement(By.java:353)
	at org.openqa.selenium.remote.RemoteWebDriver.findElement(RemoteWebDriver.java:315)
	at io.appium.java_client.DefaultGenericMobileDriver.findElement(DefaultGenericMobileDriver.java:57)
	at io.appium.java_client.AppiumDriver.findElement(AppiumDriver.java:1)
	at io.appium.java_client.android.AndroidDriver.findElement(AndroidDriver.java:1)
	at org.openqa.selenium.support.pagefactory.DefaultElementLocator.findElement(DefaultElementLocator.java:69)
	at org.openqa.selenium.support.pagefactory.internal.LocatingElementHandler.invoke(LocatingElementHandler.java:38)
	at com.sun.proxy.$Proxy10.isDisplayed(Unknown Source)
	at org.openqa.selenium.support.ui.ExpectedConditions.elementIfVisible(ExpectedConditions.java:314)
	at org.openqa.selenium.support.ui.ExpectedConditions.access$000(ExpectedConditions.java:43)
	at org.openqa.selenium.support.ui.ExpectedConditions$10.apply(ExpectedConditions.java:300)
	at org.openqa.selenium.support.ui.ExpectedConditions$10.apply(ExpectedConditions.java:297)
	at org.openqa.selenium.support.ui.FluentWait.until(FluentWait.java:249)
	... 32 more
]]>
            </full-stacktrace>
          </exception> <!-- org.openqa.selenium.TimeoutException -->
          <reporter-output>
          </reporter-output>
        </test-method> <!-- UserCheckOutMiniHeaterProduct -->
        <test-method status="PASS" signature="teardown()[pri:0, instance:tests.testngTests.LennoxTest@5f341870]" name="teardown" is-config="true" duration-ms="787" started-at="2021-03-31T22:26:48Z" finished-at="2021-03-31T22:26:48Z">
          <reporter-output>
          </reporter-output>
        </test-method> <!-- teardown -->
      </class> <!-- tests.testngTests.LennoxTest -->
    </test> <!-- lenoxo-App-Test -->
  </suite> <!-- LenoxoAppFramework -->
</testng-results>
